[30/03/2023 22:00:59] [admin] Sale usuario 'admin'
[15/05/2023 14:42:36] [admin] Accede usuario 'admin'
[15/05/2023 14:42:40] [admin] Sale usuario 'admin'
[15/05/2023 20:15:35] [admin] Accede usuario 'admin'
[15/05/2023 20:16:12] [admin] Sale usuario 'admin'
[15/05/2023 20:32:10] [admin] Accede usuario 'admin'
[15/05/2023 20:33:17] [admin] Entra en el listado
[15/05/2023 20:33:20] [admin] Sale usuario 'admin'
[15/05/2023 20:44:56] [admin] Accede usuario 'admin'
[15/05/2023 20:44:58] [admin] Entra en el listado
[15/05/2023 20:47:07] [admin] Accede usuario 'admin'
[15/05/2023 20:47:31] [admin] Accede usuario 'admin'
[15/05/2023 20:47:48] [admin] Sale usuario 'admin'
[15/05/2023 20:48:20] [admin] Accede usuario 'admin'
[15/05/2023 20:48:30] [admin] Entra en el listado
[15/05/2023 20:48:35] [admin] Sale usuario 'admin'
[15/05/2023 20:50:14] [admin] Accede usuario 'admin'
[15/05/2023 20:50:16] [admin] Entra en el listado
[15/05/2023 20:50:27] [admin] Sale usuario 'admin'
[15/05/2023 20:51:06] [admin] Accede usuario 'admin'
[15/05/2023 20:51:07] [admin] Entra en el listado
[15/05/2023 20:51:18] [admin] Sale usuario 'admin'
[15/05/2023 20:53:00] [admin] Accede usuario 'admin'
[15/05/2023 20:53:01] [admin] Entra en el listado
[15/05/2023 20:53:04] [admin] Entra en el listado
[15/05/2023 20:53:08] [admin] Sale usuario 'admin'
[15/05/2023 21:46:46] [admin] Accede usuario 'admin'
[15/05/2023 21:46:49] [admin] Entra en el listado
[15/05/2023 21:46:52] [admin] Sale usuario 'admin'
[15/05/2023 21:47:03] [admin] Accede usuario 'admin'
[15/05/2023 21:47:06] [admin] Sale usuario 'admin'
[15/05/2023 21:49:31] [admin] Accede usuario 'admin'
[15/05/2023 21:49:34] [admin] Entra en el listado
[15/05/2023 21:49:41] [admin] Sale usuario 'admin'
[15/05/2023 21:50:45] [admin] Accede usuario 'admin'
[15/05/2023 21:50:47] [admin] Entra en el listado
[15/05/2023 21:50:50] [admin] Sale usuario 'admin'
[15/05/2023 21:52:12] [admin] Accede usuario 'admin'
[15/05/2023 21:52:14] [admin] Entra en el listado
[15/05/2023 21:52:19] [admin] Sale usuario 'admin'
[15/05/2023 21:59:30] [admin] Accede usuario 'admin'
[15/05/2023 21:59:32] [admin] Entra en el listado
[15/05/2023 21:59:56] [admin] Sale usuario 'admin'
[15/05/2023 22:00:17] [admin] Accede usuario 'admin'
[15/05/2023 22:00:19] [admin] Entra en el listado
[15/05/2023 22:00:42] [admin] Sale usuario 'admin'
[15/05/2023 22:02:33] [admin] Accede usuario 'admin'
[15/05/2023 22:02:36] [admin] Entra en el listado
[15/05/2023 22:03:50] [admin] Sale usuario 'admin'
[15/05/2023 22:03:56] [admin] Accede usuario 'admin'
[15/05/2023 22:03:58] [admin] Entra en el listado
[15/05/2023 22:04:55] [admin] Sale usuario 'admin'
[15/05/2023 22:05:25] [admin] Accede usuario 'admin'
[15/05/2023 22:05:26] [admin] Entra en el listado
[15/05/2023 22:05:39] [admin] Sale usuario 'admin'
[15/05/2023 22:05:50] [admin] Accede usuario 'admin'
[15/05/2023 22:05:51] [admin] Entra en el listado
[15/05/2023 22:06:17] [admin] Sale usuario 'admin'
[15/05/2023 22:12:29] [admin] Accede usuario 'admin'
[15/05/2023 22:12:30] [admin] Entra en el listado
[15/05/2023 22:12:48] [admin] Sale usuario 'admin'
[15/05/2023 22:13:43] [admin] Accede usuario 'admin'
[15/05/2023 22:13:45] [admin] Entra en el listado
[15/05/2023 22:14:24] [admin] Sale usuario 'admin'
[15/05/2023 22:15:00] [admin] Accede usuario 'admin'
[15/05/2023 22:15:02] [admin] Entra en el listado
[15/05/2023 22:15:11] [admin] Sale usuario 'admin'
[15/05/2023 22:15:25] [admin] Accede usuario 'admin'
[15/05/2023 22:15:27] [admin] Entra en el listado
[15/05/2023 22:15:40] [admin] Sale usuario 'admin'
[15/05/2023 22:15:59] [admin] Accede usuario 'admin'
[15/05/2023 22:16:01] [admin] Entra en el listado
[15/05/2023 22:17:49] [admin] Sale usuario 'admin'
[15/05/2023 22:20:22] [admin] Accede usuario 'admin'
[15/05/2023 22:20:24] [admin] Entra en el listado
[15/05/2023 22:26:41] [admin] Sale usuario 'admin'
[15/05/2023 22:30:01] [admin] Accede usuario 'admin'
[15/05/2023 22:30:02] [admin] Entra en el listado
[15/05/2023 22:30:58] [admin] Sale usuario 'admin'
[15/05/2023 22:32:26] [admin] Accede usuario 'admin'
[15/05/2023 22:32:28] [admin] Sale usuario 'admin'
[15/05/2023 22:37:29] [admin] Accede usuario 'admin'
[15/05/2023 22:37:32] [admin] Entra en el listado
[15/05/2023 22:37:40] [admin] Sale usuario 'admin'
[15/05/2023 22:38:35] [admin] Accede usuario 'admin'
[15/05/2023 22:38:36] [admin] Entra en el listado
[15/05/2023 22:39:29] [admin] Sale usuario 'admin'
[15/05/2023 22:51:09] [admin] Accede usuario 'admin'
[15/05/2023 22:51:11] [admin] Entra en el listado
[15/05/2023 22:51:16] [admin] Sale usuario 'admin'
[15/05/2023 22:51:31] [admin] Accede usuario 'admin'
[15/05/2023 22:51:33] [admin] Entra en el listado
[15/05/2023 22:51:56] [admin] Sale usuario 'admin'
[15/05/2023 22:52:14] [admin] Accede usuario 'admin'
[15/05/2023 22:52:16] [admin] Entra en el listado
[15/05/2023 22:52:29] [admin] Sale usuario 'admin'
[15/05/2023 22:52:54] [admin] Accede usuario 'admin'
[15/05/2023 22:52:55] [admin] Entra en el listado
[15/05/2023 22:53:03] [admin] Entra en el listado
[15/05/2023 22:53:16] [admin] Sale usuario 'admin'
[19/05/2023 22:18:10] [admin] Accede usuario 'admin'
[19/05/2023 22:18:14] [admin] Sale usuario 'admin'
[19/05/2023 22:21:27] [admin] Accede usuario 'admin'
[19/05/2023 22:21:31] [admin] Sale usuario 'admin'
[19/05/2023 22:39:00] [admin] Accede usuario 'admin'
[19/05/2023 22:39:03] [admin] Sale usuario 'admin'
[19/05/2023 22:39:14] [admin] Accede usuario 'admin'
[19/05/2023 22:39:34] [admin] Sale usuario 'admin'
[19/05/2023 22:42:16] [admin] Accede usuario 'admin'
[19/05/2023 22:42:19] [admin] Sale usuario 'admin'
[19/05/2023 22:43:10] [admin] Accede usuario 'admin'
[19/05/2023 22:43:20] [admin] Sale usuario 'admin'
[19/05/2023 22:44:01] [admin] Accede usuario 'admin'
[19/05/2023 22:44:24] [admin] Accede usuario 'admin'
[19/05/2023 22:44:33] [admin] Sale usuario 'admin'
[19/05/2023 22:45:18] [admin] Accede usuario 'admin'
[19/05/2023 22:46:20] [admin] Sale usuario 'admin'
[19/05/2023 22:49:10] [admin] Accede usuario 'admin'
[19/05/2023 22:49:24] [admin] Sale usuario 'admin'
[19/05/2023 22:50:12] [admin] Accede usuario 'admin'
[19/05/2023 22:50:38] [admin] Sale usuario 'admin'
[19/05/2023 22:51:37] [admin] Accede usuario 'admin'
[19/05/2023 22:51:45] [admin] Sale usuario 'admin'
[19/05/2023 22:52:12] [admin] Accede usuario 'admin'
[19/05/2023 22:52:17] [admin] Entra en el listado
[19/05/2023 22:52:23] [admin] Entra en el listado
[19/05/2023 22:52:46] [admin] Sale usuario 'admin'
[19/05/2023 22:53:13] [admin] Accede usuario 'admin'
[19/05/2023 22:53:18] [admin] Sale usuario 'admin'
[19/05/2023 22:53:31] [admin] Accede usuario 'admin'
[19/05/2023 22:53:40] [admin] Sale usuario 'admin'
[19/05/2023 22:53:49] [admin] Accede usuario 'admin'
[19/05/2023 22:54:09] [admin] Sale usuario 'admin'
[19/05/2023 22:54:17] [admin] Accede usuario 'admin'
[19/05/2023 22:54:21] [admin] Sale usuario 'admin'
[19/05/2023 22:54:29] [admin] Accede usuario 'admin'
[19/05/2023 22:54:35] [admin] Sale usuario 'admin'
[19/05/2023 22:54:46] [admin] Accede usuario 'admin'
[19/05/2023 22:54:58] [admin] Sale usuario 'admin'
[19/05/2023 23:04:39] [admin] Accede usuario 'admin'
[19/05/2023 23:05:04] [admin] Sale usuario 'admin'
[21/05/2023 00:21:22] [admin] Accede usuario 'admin'
[21/05/2023 00:22:24] [admin] Sale usuario 'admin'
[21/05/2023 00:22:43] [admin] Accede usuario 'admin'
[21/05/2023 00:23:02] [admin] Sale usuario 'admin'
[21/05/2023 15:48:43] [admin] Accede usuario 'admin'
[21/05/2023 15:48:47] [admin] Sale usuario 'admin'
[21/05/2023 15:54:26] [admin] Accede usuario 'admin'
[21/05/2023 15:54:44] [admin] Sale usuario 'admin'
[21/05/2023 15:55:43] [admin] Accede usuario 'admin'
[21/05/2023 15:56:01] [admin] Sale usuario 'admin'
[21/05/2023 16:00:40] [admin] Accede usuario 'admin'
[21/05/2023 16:00:49] [admin] Sale usuario 'admin'
[21/05/2023 16:23:50] [admin] Accede usuario 'admin'
[21/05/2023 16:24:00] [admin] Sale usuario 'admin'
[21/05/2023 16:24:17] [admin] Accede usuario 'admin'
[21/05/2023 16:25:23] [admin] Sale usuario 'admin'
[22/05/2023 15:02:53] [admin] Accede usuario 'admin'
[22/05/2023 15:06:28] [admin] Sale usuario 'admin'
[22/05/2023 15:06:32] [admin] Accede usuario 'admin'
[22/05/2023 15:06:45] [admin] Sale usuario 'admin'
[22/05/2023 15:13:21] [admin] Accede usuario 'admin'
[22/05/2023 15:13:22] [admin] Entra en el listado
[22/05/2023 15:13:27] [admin] Sale usuario 'admin'
[22/05/2023 15:21:48] [admin] Accede usuario 'admin'
[22/05/2023 15:22:10] [admin] Sale usuario 'admin'
[22/05/2023 16:14:22] [admin] Accede usuario 'admin'
[22/05/2023 16:14:40] [admin] Sale usuario 'admin'
[22/05/2023 16:16:19] [admin] Accede usuario 'admin'
[22/05/2023 16:16:25] [admin] insert into hace values (null, 4, 3);
[22/05/2023 16:16:27] [admin] Sale usuario 'admin'
[22/05/2023 16:16:39] [admin] Accede usuario 'admin'
[22/05/2023 16:17:07] [admin] Entra en el listado
[22/05/2023 16:17:11] [admin] Entra en el listado
[22/05/2023 16:17:24] [admin] Sale usuario 'admin'
[22/05/2023 18:35:05] [admin] Accede usuario 'admin'
[22/05/2023 18:35:10] [admin] insert into hace values (null, 1, 1);
[22/05/2023 18:35:13] [admin] Sale usuario 'admin'
[25/05/2023 11:49:16] [admin] Accede usuario 'admin'
[25/05/2023 11:49:21] [admin] Sale usuario 'admin'
[25/05/2023 11:49:43] [admin] Accede usuario 'admin'
[25/05/2023 11:49:48] [admin] Sale usuario 'admin'
[25/05/2023 11:50:08] [admin] Accede usuario 'admin'
[25/05/2023 11:50:11] [admin] Sale usuario 'admin'
[25/05/2023 11:52:23] [admin] Accede usuario 'admin'
[25/05/2023 11:52:34] [admin] Sale usuario 'admin'
[25/05/2023 11:54:25] [admin] Accede usuario 'admin'
[25/05/2023 11:54:28] [admin] Sale usuario 'admin'
[25/05/2023 12:34:51] [admin] Accede usuario 'admin'
[25/05/2023 12:50:43] [admin] Sale usuario 'admin'
[25/05/2023 12:50:51] [admin] Accede usuario 'admin'
[25/05/2023 12:53:40] [admin] Sale usuario 'admin'
[25/05/2023 12:53:47] [admin] Accede usuario 'admin'
[25/05/2023 12:54:51] [admin] Sale usuario 'admin'
[25/05/2023 12:55:05] [admin] Accede usuario 'admin'
[25/05/2023 12:55:12] [admin] insert into hace values (null, 2, 1);
[25/05/2023 12:59:50] [admin] Entra en el listado
[25/05/2023 13:02:02] [admin] Entra en el listado
[25/05/2023 13:05:01] [admin] Entra en el listado
[25/05/2023 13:05:38] [admin] Entra en el listado
[25/05/2023 13:06:16] [admin] Sale usuario 'admin'
[25/05/2023 15:42:38] [admin] Accede usuario 'admin'
[25/05/2023 15:42:45] [admin] insert into hace values (null, 6, 3);
[25/05/2023 15:45:48] [admin] Sale usuario 'admin'
[25/05/2023 17:39:33] [admin] Accede usuario 'admin'
[25/05/2023 17:44:08] [admin] Sale usuario 'admin'
[25/05/2023 19:08:12] [admin] Accede usuario 'admin'
[25/05/2023 19:08:14] [admin] Entra en ayuda 'admin'
[25/05/2023 19:08:27] [admin] Sale usuario 'admin'
[26/05/2023 17:06:13] [admin] Accede usuario 'admin'
[26/05/2023 17:06:22] [admin] Entra en el listado
[26/05/2023 17:06:31] [admin] Sale usuario 'admin'
[26/05/2023 17:06:53] [admin] Accede usuario 'admin'
[26/05/2023 17:06:55] [admin] Entra en el listado
[26/05/2023 17:07:19] [admin] Sale usuario 'admin'
[26/05/2023 17:09:39] [admin] Accede usuario 'admin'
[26/05/2023 17:09:42] [admin] Entra en ayuda 'admin'
[26/05/2023 17:09:51] [admin] Sale usuario 'admin'
[26/05/2023 17:09:59] [myke] Accede usuario 'myke'
[26/05/2023 17:10:01] [myke] Sale usuario 'myke'
[26/05/2023 17:11:08] [admin] Accede usuario 'admin'
[26/05/2023 17:11:11] [admin] Sale usuario 'admin'
[26/05/2023 17:11:18] [myke] Accede usuario 'myke'
[26/05/2023 17:11:27] [myke] Sale usuario 'myke'
[26/05/2023 18:02:54] [admin] Accede usuario 'admin'
[26/05/2023 18:02:55] [admin] Entra en ayuda 'admin'
[26/05/2023 18:04:32] [admin] Accede usuario 'admin'
[26/05/2023 18:04:38] [admin] Sale usuario 'admin'
[26/05/2023 18:04:40] [admin] Entra en el listado
[26/05/2023 18:05:47] [admin] Sale usuario 'admin'
[26/05/2023 18:06:47] [admin] Accede usuario 'admin'
[26/05/2023 18:06:48] [admin] Entra en el listado
[26/05/2023 18:07:19] [admin] Sale usuario 'admin'
[26/05/2023 18:07:39] [admin] Accede usuario 'admin'
[26/05/2023 18:07:40] [admin] Entra en el listado
[26/05/2023 18:07:43] [admin] Entra en el listado
[26/05/2023 18:08:06] [admin] Sale usuario 'admin'
[26/05/2023 18:09:58] [admin] Accede usuario 'admin'
[26/05/2023 18:09:59] [admin] Entra en el listado
[26/05/2023 18:10:12] [admin] Sale usuario 'admin'
[26/05/2023 18:20:51] [admin] Accede usuario 'admin'
[26/05/2023 18:20:54] [admin] Entra en ayuda 'admin'
[26/05/2023 18:21:00] [admin] Sale usuario 'admin'
[28/05/2023 18:34:02] [admin] Accede usuario 'admin'
[28/05/2023 18:37:17] [admin] Entra en ayuda 'admin'
[28/05/2023 18:47:48] [admin] Sale usuario 'admin'
[05/06/2023 11:45:45] [admin] Accede usuario 'admin'
[05/06/2023 11:45:53] [admin] Entra en el listado
[05/06/2023 11:45:57] [admin] Entra en el listado
[05/06/2023 11:46:01] [admin] Entra en el listado
[05/06/2023 11:46:04] [admin] Entra en el listado
[05/06/2023 11:46:06] [admin] Entra en ayuda 'admin'
[05/06/2023 11:46:16] [admin] Sale usuario 'admin'
[05/06/2023 11:46:35] [admin] Accede usuario 'admin'
[05/06/2023 11:46:58] [admin] insert into usuarios values (null, 'Fernando', SHA2('fernando', 256), 1);
[05/06/2023 11:47:01] [admin] Entra en el listado
[05/06/2023 11:48:06] [admin] insert into empleado values (null, 'Claudia', '654834501', '12345678Z', 'claudia98@gmail.com', 'Palazón Gómez');
[05/06/2023 11:49:00] [admin] insert into empleado values (null, 'Miguel', '843859394', '29582855D', 'myketowers@gmail.com', 'Torres');
[05/06/2023 11:49:03] [admin] Entra en el listado
[05/06/2023 11:49:13] [admin] Entra en el listado
[05/06/2023 11:51:26] [admin] insert into automoviles values (null, '2023-05-14', 500, '3562 LXG', 200000, 'Automático', 'Negro', 'Aston Martin');
[05/06/2023 11:53:21] [admin] insert into automoviles values (null, '2023-01-23', 150, '1254 MDM', 45000, 'Automático', 'Marrón', 'Audi A3');
[05/06/2023 11:53:33] [admin] Entra en el listado
[05/06/2023 11:53:52] [admin] Entra en el listado
[05/06/2023 11:53:55] [admin] Entra en el listado
[05/06/2023 11:54:05] [admin] Entra en el listado
[05/06/2023 11:55:05] [admin] insert into empleado values (null, 'Álvaro', '678996644', '29553992G', 'aalvaromago@gmail.com', 'Martín González');
[05/06/2023 11:55:15] [admin] insert into hace values (null, 2, 3);
[05/06/2023 11:57:14] [admin] insert into automoviles values (null, '2022-09-30', 90, '6746 MBC', 35000, 'Automático', 'Azul', 'Cupra Formentor');
[05/06/2023 11:57:19] [admin] Entra en el listado
[05/06/2023 11:57:28] [admin] insert into hace values (null, 4, 1);
[05/06/2023 11:57:37] [admin] Entra en el listado
[05/06/2023 11:57:53] [admin] Entra en el listado
[05/06/2023 11:57:55] [admin] Entra en el listado
[05/06/2023 11:57:58] [admin] Entra en el listado
[05/06/2023 11:58:05] [admin] Entra en el listado
[05/06/2023 11:58:12] [admin] insert into hace values (null, 3, 3);
[05/06/2023 11:58:15] [admin] Entra en el listado
[05/06/2023 11:58:41] [admin] update automoviles set modeloAutomovil='Aston Martin Vantage', fechaFabricacionAutomovil = '2023-05-14', potenciaAutomovil = '500', precioAutomovil = '200000.00', transmisionAutomovil = 'Automático', colorAutomovil = 'Negro', matriculaAutomovil = '3562 LXG'  where idAutomovil = 2;
[05/06/2023 11:58:45] [admin] Entra en el listado
[05/06/2023 11:58:51] [admin] Sale usuario 'admin'
[05/06/2023 12:42:34] [admin] Accede usuario 'admin'
[05/06/2023 12:42:36] [admin] Entra en el listado
[05/06/2023 12:43:37] [admin] Entra en el listado
[05/06/2023 12:44:11] [admin] Sale usuario 'admin'
[05/06/2023 12:45:02] [admin] Accede usuario 'admin'
[05/06/2023 12:45:04] [admin] Entra en el listado
[05/06/2023 12:45:17] [admin] Sale usuario 'admin'
